Loading required package: usethis
-- Attaching packages ----------------------------------------------------------------------------------------- tidyverse 1.3.0 --
v ggplot2 3.3.2     v purrr   0.3.4
v tibble  3.0.3     v dplyr   1.0.1
v tidyr   1.1.1     v stringr 1.4.0
v readr   1.3.1     v forcats 0.5.0
-- Conflicts -------------------------------------------------------------------------------------------- tidyverse_conflicts() --
x tibble::has_name() masks assertthat::has_name()
Registered S3 methods overwritten by 'RcppEigen':
  method               from         
  predict.fastLm       RcppArmadillo
  print.fastLm         RcppArmadillo
  summary.fastLm       RcppArmadillo
  print.summary.fastLm RcppArmadillo
Warning messages:
1: replacing previous import 'RcppArmadillo::fastLmPure' by 'RcppEigen::fastLmPure' when loading 'flowmix' 
2: replacing previous import 'RcppArmadillo::fastLm' by 'RcppEigen::fastLm' when loading 'flowmix' 
3: replacing previous import 'CVXR::id' by 'dplyr::id' when loading 'flowmix' 
Warning messages:
1: from glmnet Fortran code (error code -1); Convergence for 1th lambda value not reached after maxit=100000 iterations; solutions for larger lambdas returned 
2: from glmnet Fortran code (error code -1); Convergence for 1th lambda value not reached after maxit=100000 iterations; solutions for larger lambdas returned 
3: from glmnet Fortran code (error code -1); Convergence for 1th lambda value not reached after maxit=100000 iterations; solutions for larger lambdas returned 
